<?xml version="1.0" encoding="UTF-8"?>
<!-- Generated by org.testng.reporters.JUnitXMLReporter -->
<testsuite hostname="Mihails-MBP.local.tld" ignored="2" name="All Functionalities" tests="14" failures="0" timestamp="2023-01-22T16:34:12 CST" time="238.327" errors="0">
  <testcase name="validateCheckboxes" time="4.899" classname="scripts.TechGlobalCheckBoxTest"/>
  <testcase name="validateCheckboxes2" time="5.184" classname="scripts.TechGlobalCheckBoxTest"/>
  <testcase name="dynamicElementsTest" time="3.208" classname="scripts.TechGlobalDynamicElementsTest"/>
  <testcase name="validateFrontendTestingURL" time="2.406" classname="scripts.TechGlobalFrontEndTestingHomeTest"/>
  <testcase name="validateTechGlobalHeaderDropdownOptions" time="1.785" classname="scripts.TechGlobalHeaderTest"/>
  <testcase name="languageRadioButtons" time="4.982" classname="scripts.TechGlobalRadioButtonsTest"/>
  <testcase name="toolsRadioButtons" time="5.632" classname="scripts.TechGlobalRadioButtonsTest"/>
  <testcase name="validateRedBox" time="38.321" classname="scripts.TechGlobalWaitsPageTest"/>
  <testcase name="selectDeliveryOption" time="1.825" classname="scripts.TechGlobalDropdownsTest"/>
  <testcase name="selectProductOption" time="5.254" classname="scripts.TechGlobalDropdownsTest"/>
  <testcase name="selectColorOption" time="5.188" classname="scripts.TechGlobalDropdownsTest"/>
  <testcase name="validateTheItemSelected" time="7.295" classname="scripts.TechGlobalDropdownsTest"/>
  <testcase name="validateTheAppleLink" time="5.438" classname="scripts.TechGlobalMultipleWindowsTest"/>
  <testcase name="validateLinkURLs" time="17.732" classname="scripts.TechGlobalMultipleWindowsTest"/>
  <testcase name="validateFrontEndTestingCards" time="0.0" classname="scripts.TechGlobalFrontEndTestingHomeTest">
    <ignored/>
  </testcase> <!-- validateFrontEndTestingCards -->
  <testcase name="validateTechGlobalHeaderDropdown" time="0.0" classname="scripts.TechGlobalHeaderTest">
    <ignored/>
  </testcase> <!-- validateTechGlobalHeaderDropdown -->
</testsuite> <!-- All Functionalities -->
