<?xml version="1.0" encoding="UTF-8"?>
<!-- Generated by org.testng.reporters.JUnitXMLReporter -->
<testsuite hostname="Mihails-MacBook-Pro.local" ignored="0" name="Command line test" tests="5" failures="0" timestamp="2023-01-20T21:32:47 CST" time="50.897" errors="0">
  <testcase name="validateFrontEndTestingCards" time="4.619" classname="scripts.TechGlobalFrontEndTestingHomeTest"/>
  <testcase name="validateFrontendTestingURL" time="1.83" classname="scripts.TechGlobalFrontEndTestingHomeTest"/>
  <testcase name="validateTechGlobalLogo" time="0.532" classname="scripts.TechGlobalLogoTest"/>
  <testcase name="validateTechGlobalHeaderDropdown" time="0.507" classname="scripts.TechGlobalHeaderTest"/>
  <testcase name="validateTechGlobalHeaderDropdownOptions" time="1.22" classname="scripts.TechGlobalHeaderTest"/>
</testsuite> <!-- Command line test -->
