<?xml version="1.0" encoding="UTF-8"?>
<!-- Generated by org.testng.reporters.JUnitXMLReporter -->
<testsuite hostname="Mihails-MBP.local.tld" ignored="2" name="Critical Functionalities" tests="3" failures="0" timestamp="2023-01-21T15:08:07 CST" time="31.007" errors="0">
  <testcase name="validateFrontEndTestingCards" time="4.861" classname="scripts.TechGlobalFrontEndTestingHomeTest"/>
  <testcase name="validateTechGlobalHeaderDropdown" time="1.072" classname="scripts.TechGlobalHeaderTest"/>
  <testcase name="validateTechGlobalLogo" time="0.954" classname="scripts.TechGlobalLogoTest"/>
  <testcase name="validateTechGlobalHeaderDropdownOptions" time="0.0" classname="scripts.TechGlobalHeaderTest">
    <ignored/>
  </testcase> <!-- validateTechGlobalHeaderDropdownOptions -->
  <testcase name="validateFrontendTestingURL" time="0.0" classname="scripts.TechGlobalFrontEndTestingHomeTest">
    <ignored/>
  </testcase> <!-- validateFrontendTestingURL -->
</testsuite> <!-- Critical Functionalities -->
